Base path: D:/soft/Unity/Editor/Data
Pipe name: \\.\pipe\UnityShaderCompiler-64bit-1-9772
Cmd: getPlatforms
Cmd: preprocess
  insize=1621 outsize=1317 ok=1
Cmd: compileSnippet
  api=4 type=0 insize=7595 outsize=3663 kw=DIRECTIONAL SHADOWS_OFF LIGHTMAP_OFF DIRLIGHTMAP_OFF DYNAMICLIGHTMAP_OFF pd= ok=1
Cmd: preprocess
  insize=2739 outsize=2280 ok=1
Cmd: preprocess
  insize=1890 outsize=487 ok=1
Cmd: preprocess
  insize=582 outsize=1133 ok=1
Cmd: compileSnippet
  api=4 type=1 insize=3114 outsize=1314 kw= pd= ok=1
Cmd: preprocess
  insize=2218 outsize=4253 ok=1
Cmd: compileSnippet
  api=4 type=1 insize=27398 outsize=2460 kw=LIGHTMAP_OFF DIRLIGHTMAP_OFF DYNAMICLIGHTMAP_OFF HDR_LIGHT_PREPASS_OFF pd= ok=1
Cmd: preprocess
  insize=3960 outsize=1042 ok=1
Cmd: preprocess
  insize=2792 outsize=1183 ok=1
Cmd: compileSnippet
  api=4 type=0 insize=1106 outsize=1290 kw= pd= ok=1
Cmd: preprocess
  insize=1277 outsize=1795 ok=1
Cmd: compileSnippet
  api=4 type=1 insize=8086 outsize=2184 kw=DIRECTIONAL SHADOWS_OFF LIGHTMAP_OFF DIRLIGHTMAP_OFF DYNAMICLIGHTMAP_OFF pd= ok=1
Cmd: preprocess
  insize=651 outsize=1708 ok=1
Cmd: compileSnippet
  api=4 type=0 insize=3734 outsize=2753 kw=POINT pd= ok=1
Cmd: compileSnippet
  api=4 type=1 insize=3172 outsize=1493 kw= pd= ok=1
Cmd: preprocess
  insize=635 outsize=1692 ok=1
Cmd: preprocess
  insize=804 outsize=1648 ok=1
Cmd: compileSnippet
  api=4 type=1 insize=3894 outsize=1883 kw=POINT pd= ok=1
Cmd: compileSnippet
  api=4 type=0 insize=6184 outsize=4077 kw=LIGHTMAP_OFF DIRLIGHTMAP_OFF DYNAMICLIGHTMAP_OFF HDR_LIGHT_PREPASS_OFF pd= ok=1
Cmd: compileSnippet
  api=4 type=0 insize=6038 outsize=3801 kw=LIGHTMAP_OFF DIRLIGHTMAP_OFF DYNAMICLIGHTMAP_OFF HDR_LIGHT_PREPASS_OFF pd= ok=1
Cmd: preprocess
  insize=485 outsize=1529 ok=1
Cmd: compileSnippet
  api=4 type=0 insize=5962 outsize=4077 kw=LIGHTMAP_OFF DIRLIGHTMAP_OFF DYNAMICLIGHTMAP_OFF HDR_LIGHT_PREPASS_OFF pd= ok=1
Cmd: preprocess
  insize=2305 outsize=2102 ok=1
Cmd: preprocess
  insize=895 outsize=1177 ok=1
Cmd: preprocess
  insize=930 outsize=1783 ok=1
Cmd: compileSnippet
  api=4 type=1 insize=6186 outsize=1851 kw=LIGHTMAP_OFF DIRLIGHTMAP_OFF DYNAMICLIGHTMAP_OFF HDR_LIGHT_PREPASS_OFF pd= ok=1
Cmd: preprocess
  insize=477 outsize=1517 ok=1
Cmd: compileSnippet
  api=4 type=0 insize=5841 outsize=3801 kw=LIGHTMAP_OFF DIRLIGHTMAP_OFF DYNAMICLIGHTMAP_OFF HDR_LIGHT_PREPASS_OFF pd= ok=1
Cmd: preprocess
  insize=2296 outsize=2181 ok=1
Cmd: preprocess
  insize=17008 outsize=5682 ok=1
Cmd: compileSnippet
  api=4 type=0 insize=12549 outsize=5174 kw=DIRECTIONAL SHADOWS_OFF LIGHTMAP_OFF DIRLIGHTMAP_OFF DYNAMICLIGHTMAP_OFF pd= ok=1
Cmd: preprocess
  insize=1844 outsize=504 ok=1
Cmd: compileSnippet
  api=4 type=0 insize=3730 outsize=2883 kw=DIRECTIONAL pd= ok=1
Cmd: compileSnippet
  api=4 type=1 insize=3915 outsize=1168 kw=DIRECTIONAL pd= ok=1
